[2024-11-21 15:49:00]: (1062, "Duplicate entry 'pfbid0ZhZzuNC76gkmLWHrGt2DTd5nZUDaQzR77bcj427Kchcy4Q7wJ4c7EG9S26' for key 'home_post.post_id'") 
[2024-11-21 15:49:31]: (1062, "Duplicate entry 'pfbid02fcpK2N4hNYWwAcauHtQymRP4gtvCiFKzssjR9DcqfyPsS3cvhfzQSmSSs' for key 'home_post.post_id'") 
[2024-11-21 15:49:58]: (1062, "Duplicate entry 'pfbid0M3ZxWUFwNGibmd7Hh2CLj58Jm6b24rxmbmTecrQTRBNVLSXxJ3E1TmSyCL' for key 'home_post.post_id'") 
[2024-11-21 15:50:08]: (1062, "Duplicate entry 'pfbid0M3ZxWUFwNGibmd7Hh2CLj58Jm6b24rxmbmTecrQTRBNVLSXxJ3E1TmSyCL' for key 'home_post.post_id'") 
[2024-11-21 15:51:35]: (1062, "Duplicate entry 'pfbid02spVpAR7BNFum7zudg6Yz8iABDuyNm9LjaK8j1dEpGdHwqF69FgzaDQ2wm' for key 'home_post.post_id'") 
[2024-11-21 15:52:19]: (1062, "Duplicate entry 'pfbid0J2wbQQSJuFH2A9DCbqnfgjd7xGokxAFw55GUoafZm2gomv5oBL8sx1oN6o' for key 'home_post.post_id'") 
[2024-11-21 15:52:37]: (1062, "Duplicate entry 'pfbid0241Kr3JmB7qneYwnJgWvVdrpjoGyRQjNnBohXBWRA3JFMbwHDh45MVGd4h' for key 'home_post.post_id'") 
[2024-11-21 15:52:54]: (1062, "Duplicate entry 'pfbid0umkT33JjMjbzpGUeVUSZEGozMSmKauzXeEAvTRmmepHoSio6Rfs6A2z6c2' for key 'home_post.post_id'") 
[2024-11-21 15:53:33]: (1062, "Duplicate entry 'pfbid02sK1cEvy8YbMCyTMS6EhKbqzhMCwY31VhmXDdHg1hszZQhKckbwnr5isCS' for key 'home_post.post_id'") 
[2024-11-21 15:53:42]: (1062, "Duplicate entry 'pfbid02sK1cEvy8YbMCyTMS6EhKbqzhMCwY31VhmXDdHg1hszZQhKckbwnr5isCS' for key 'home_post.post_id'") 
[2024-11-21 15:54:10]: (1062, "Duplicate entry 'pfbid02tqUGsrfUgm7V5GCv4DrqSUDaBfoP6X8Xx1tUbHAKySvJc9kmj7teD8iiU' for key 'home_post.post_id'") 
[2024-11-21 15:54:29]: (1062, "Duplicate entry 'pfbid02oCVkCJdLzDeC54TaQ1zyi7ihFeqTCKRSSeUtGWRQZW8EAQgZLaiN4LhMS' for key 'home_post.post_id'") 
[2024-11-21 15:55:16]: (1062, "Duplicate entry 'pfbid02a6W7phncd5hac5SKEibR5QrGN9T8V3UqmfwCKZhCTsahkBAJaaWrz767R' for key 'home_post.post_id'") 
[2024-11-21 15:55:43]: (1062, "Duplicate entry 'pfbid02u5T5K2ujMdPYwTnegK3HcivoVmQjcHJGRbnjEgVUetJFAyjYQPbjdrYGk' for key 'home_post.post_id'") 
[2024-11-21 15:56:01]: (1062, "Duplicate entry 'pfbid02tGpMRFzs73V8QmdTNwLzMBRpdACtQkjyVZb1Uvxb1VTqAWhGLyCUn4QGo' for key 'home_post.post_id'") 
[2024-11-21 16:00:18]: (1062, "Duplicate entry 'pfbid0XEWDRsVLw6GjKEr9QUSMRUxJGPMUmQBi9p18mMc3ubZJathD7YEurvKjPf' for key 'home_post.post_id'") 
[2024-11-21 16:01:11]: (1062, "Duplicate entry 'pfbid0Hc9jWQ7UAU5xm8uWxHZYQzfhm5MaxyFyEAhnyk4qFN3jVqcWZ6fuFGDs1o' for key 'home_post.post_id'") 
[2024-11-21 16:01:37]: (1062, "Duplicate entry 'pfbid0xuhBMT4ABTxPLmBuY7KXo1NcptRe4m7F4ARoNyWspcTrpppFg5bLxky1rR' for key 'home_post.post_id'") 
[2024-11-22 10:03:08]: (1062, "Duplicate entry 'pfbid0iucCFeV8fZRTzk74mP4Cfp6wETAE9WENtG4HUtK63PzLipEpbFqhtjQ87e' for key 'home_post.post_id'") 
[2024-11-22 10:04:10]: (1062, "Duplicate entry 'pfbid0SwPxgpaXAN8CPssTih41A4mRcLkFddVGH7uYevFnE4J8YhFCS3qh2pyo5B' for key 'home_post.post_id'") 
